<?xml version="1.0" encoding="utf-8"?><testsuites name="pytest tests"><testsuite name="pytest" errors="0" failures="0" skipped="0" tests="11" time="1.792" timestamp="2026-03-16T16:51:49.742882+00:00" hostname="agent-env-01c32560-5d3d-48fe-bbd1-dac041d5fede"><testcase classname="backend.tests.test_material_constraint_bugfix.TestMaterialConstraintBugFix" name="test_scheduling_api_returns_200" time="0.379" /><testcase classname="backend.tests.test_material_constraint_bugfix.TestMaterialConstraintBugFix" name="test_no_infinite_replanning_loop" time="0.107" /><testcase classname="backend.tests.test_material_constraint_bugfix.TestMaterialConstraintBugFix" name="test_transfer_time_respected_between_producer_consumer" time="0.132" /><testcase classname="backend.tests.test_material_constraint_bugfix.TestMaterialConstraintBugFix" name="test_jit_mode_material_constraints" time="0.243" /><testcase classname="backend.tests.test_material_constraint_bugfix.TestMaterialConstraintBugFix" name="test_scenario_data_contains_productions" time="0.123" /><testcase classname="backend.tests.test_material_constraint_bugfix.TestSchedulingAPI" name="test_get_scenarios" time="0.132" /><testcase classname="backend.tests.test_material_constraint_bugfix.TestSchedulingAPI" name="test_get_operations" time="0.102" /><testcase classname="backend.tests.test_material_constraint_bugfix.TestSchedulingAPI" name="test_get_manufacturing_orders" time="0.084" /><testcase classname="backend.tests.test_material_constraint_bugfix.TestSchedulingAPI" name="test_get_operation_materials" time="0.098" /><testcase classname="backend.tests.test_material_constraint_bugfix.TestSchedulingAPI" name="test_get_stocks" time="0.095" /><testcase classname="backend.tests.test_material_constraint_bugfix.TestGanttDisplay" name="test_gantt_data_endpoint" time="0.189" /></testsuite></testsuites>