<?xml version="1.0" encoding="utf-8"?><testsuites name="pytest tests"><testsuite name="pytest" errors="0" failures="0" skipped="0" tests="10" time="1.460" timestamp="2026-03-16T11:51:49.079794+00:00" hostname="agent-env-01c32560-5d3d-48fe-bbd1-dac041d5fede"><testcase classname="backend.tests.test_projected_stock.TestProjectedStockEndpoint" name="test_endpoint_returns_200" time="0.199" /><testcase classname="backend.tests.test_projected_stock.TestProjectedStockEndpoint" name="test_scenario_info_present" time="0.205" /><testcase classname="backend.tests.test_projected_stock.TestProjectedStockEndpoint" name="test_projected_stock_structure" time="0.108" /><testcase classname="backend.tests.test_projected_stock.TestProjectedStockEndpoint" name="test_production_receipt_events_present" time="0.190" /><testcase classname="backend.tests.test_projected_stock.TestProjectedStockEndpoint" name="test_art1_has_production_receipt" time="0.095" /><testcase classname="backend.tests.test_projected_stock.TestProjectedStockEndpoint" name="test_summary_fields" time="0.095" /><testcase classname="backend.tests.test_projected_stock.TestProjectedStockEndpoint" name="test_receipts_breakdown" time="0.083" /><testcase classname="backend.tests.test_projected_stock.TestProjectedStockEndpoint" name="test_timeline_chronological_order" time="0.128" /><testcase classname="backend.tests.test_projected_stock.TestProjectedStockEndpoint" name="test_event_types_correct" time="0.116" /><testcase classname="backend.tests.test_projected_stock.TestProjectedStockEndpoint" name="test_invalid_scenario_returns_404" time="0.092" /></testsuite></testsuites>