<?xml version="1.0" encoding="utf-8"?><testsuites name="pytest tests"><testsuite name="pytest" errors="0" failures="0" skipped="0" tests="13" time="4.091" timestamp="2026-03-14T15:05:05.644952+00:00" hostname="agent-env-01c32560-5d3d-48fe-bbd1-dac041d5fede"><testcase classname="backend.tests.test_multiple_conditions.TestCreateRuleWithMultipleConditions" name="test_create_rule_with_single_group_and_logic" time="1.240" /><testcase classname="backend.tests.test_multiple_conditions.TestCreateRuleWithMultipleConditions" name="test_create_rule_with_multiple_groups_or_logic" time="0.219" /><testcase classname="backend.tests.test_multiple_conditions.TestCreateRuleWithMultipleConditions" name="test_create_rule_with_or_within_group" time="0.215" /><testcase classname="backend.tests.test_multiple_conditions.TestCreateRuleWithMultipleConditions" name="test_create_rule_with_all_operators" time="0.216" /><testcase classname="backend.tests.test_multiple_conditions.TestGetRulesWithMultipleConditions" name="test_get_rules_includes_attribute_conditions" time="0.073" /><testcase classname="backend.tests.test_multiple_conditions.TestGetRulesWithMultipleConditions" name="test_get_single_rule_with_conditions" time="0.289" /><testcase classname="backend.tests.test_multiple_conditions.TestUpdateRuleWithMultipleConditions" name="test_update_rule_add_conditions" time="0.290" /><testcase classname="backend.tests.test_multiple_conditions.TestUpdateRuleWithMultipleConditions" name="test_update_rule_modify_conditions_logic" time="0.273" /><testcase classname="backend.tests.test_multiple_conditions.TestUpdateRuleWithMultipleConditions" name="test_update_rule_add_more_groups" time="0.256" /><testcase classname="backend.tests.test_multiple_conditions.TestBusinessRuleModelEvaluation" name="test_rule_matches_first_group_conditions" time="0.283" /><testcase classname="backend.tests.test_multiple_conditions.TestBusinessRuleModelEvaluation" name="test_rule_structure_for_second_group" time="0.359" /><testcase classname="backend.tests.test_multiple_conditions.TestConditionsLogicDefaults" name="test_default_conditions_logic_is_and" time="0.181" /><testcase classname="backend.tests.test_multiple_conditions.TestCleanup" name="test_cleanup_test_rules" time="0.080" /></testsuite></testsuites>