<?xml version="1.0" encoding="utf-8"?><testsuites name="pytest tests"><testsuite name="pytest" errors="0" failures="0" skipped="0" tests="14" time="1.989" timestamp="2026-03-16T14:28:13.307297+00:00" hostname="agent-env-01c32560-5d3d-48fe-bbd1-dac041d5fede"><testcase classname="backend.tests.test_corrections_v1.TestMatrixPageRemoved" name="test_matrix_route_not_accessible" time="0.168" /><testcase classname="backend.tests.test_corrections_v1.TestGanttFilters" name="test_gantt_data_endpoint_exists" time="0.099" /><testcase classname="backend.tests.test_corrections_v1.TestGanttFilters" name="test_gantt_data_contains_task_order_ids" time="0.206" /><testcase classname="backend.tests.test_corrections_v1.TestDateFormat" name="test_scheduling_start_format" time="0.136" /><testcase classname="backend.tests.test_corrections_v1.TestDateFormat" name="test_scenario_scheduling_start_timezone" time="0.113" /><testcase classname="backend.tests.test_corrections_v1.TestUnavailabilityConstraints" name="test_unavailability_endpoint_exists" time="0.095" /><testcase classname="backend.tests.test_corrections_v1.TestUnavailabilityConstraints" name="test_unavailability_crud" time="0.374" /><testcase classname="backend.tests.test_corrections_v1.TestJITMode" name="test_jit_scenario_is_optimal" time="0.085" /><testcase classname="backend.tests.test_corrections_v1.TestJITMode" name="test_jit_scenario_has_operations" time="0.077" /><testcase classname="backend.tests.test_corrections_v1.TestJITMode" name="test_jit_late_orders_detection" time="0.106" /><testcase classname="backend.tests.test_corrections_v1.TestSchedulingOptions" name="test_scheduling_options_documented" time="0.124" /><testcase classname="backend.tests.test_corrections_v1.TestGanttDataStructure" name="test_gantt_time_range_structure" time="0.098" /><testcase classname="backend.tests.test_corrections_v1.TestGanttDataStructure" name="test_gantt_centres_de_charge" time="0.117" /><testcase classname="backend.tests.test_corrections_v1.TestGanttDataStructure" name="test_gantt_machine_calendars" time="0.089" /></testsuite></testsuites>