<?xml version="1.0" encoding="utf-8"?><testsuites name="pytest tests"><testsuite name="pytest" errors="0" failures="0" skipped="0" tests="13" time="1.445" timestamp="2026-03-16T12:37:11.002945+00:00" hostname="agent-env-01c32560-5d3d-48fe-bbd1-dac041d5fede"><testcase classname="backend.tests.test_jit_late_orders.TestJITScenarioStatus" name="test_jit_scenario_exists" time="0.243" /><testcase classname="backend.tests.test_jit_late_orders.TestJITScenarioStatus" name="test_jit_scenario_status_is_optimal" time="0.085" /><testcase classname="backend.tests.test_jit_late_orders.TestJITScenarioStatus" name="test_jit_scenario_has_scheduling_strategy" time="0.104" /><testcase classname="backend.tests.test_jit_late_orders.TestLateOrdersDetection" name="test_late_orders_in_schedule_data" time="0.085" /><testcase classname="backend.tests.test_jit_late_orders.TestLateOrdersDetection" name="test_late_orders_have_lateness_hours" time="0.092" /><testcase classname="backend.tests.test_jit_late_orders.TestLateOrdersDetection" name="test_late_orders_have_due_date_and_actual_completion" time="0.098" /><testcase classname="backend.tests.test_jit_late_orders.TestGanttDataIsLate" name="test_gantt_data_endpoint_exists" time="0.097" /><testcase classname="backend.tests.test_jit_late_orders.TestGanttDataIsLate" name="test_gantt_tasks_have_is_late_flag" time="0.082" /><testcase classname="backend.tests.test_jit_late_orders.TestGanttDataIsLate" name="test_late_operations_have_is_late_true" time="0.111" /><testcase classname="backend.tests.test_jit_late_orders.TestGanttDataIsLate" name="test_on_time_operations_have_is_late_false" time="0.083" /><testcase classname="backend.tests.test_jit_late_orders.TestOperationsIsLateConsistency" name="test_all_ops_of_late_order_are_late" time="0.110" /><testcase classname="backend.tests.test_jit_late_orders.TestScheduleDataOperations" name="test_schedule_operations_have_is_late" time="0.085" /><testcase classname="backend.tests.test_jit_late_orders.TestGanttDataSummary" name="test_gantt_data_structure_complete" time="0.101" /></testsuite></testsuites>