<?xml version="1.0" encoding="utf-8"?><testsuites name="pytest tests"><testsuite name="pytest" errors="0" failures="0" skipped="0" tests="12" time="2.583" timestamp="2026-03-14T15:55:08.650040+00:00" hostname="agent-env-01c32560-5d3d-48fe-bbd1-dac041d5fede"><testcase classname="tests.test_p1p2_features.TestMatrixAPI" name="test_matrix_machine_task_returns_200" time="0.167" /><testcase classname="tests.test_p1p2_features.TestMatrixAPI" name="test_matrix_has_required_fields" time="0.213" /><testcase classname="tests.test_p1p2_features.TestMatrixAPI" name="test_matrix_row_structure" time="0.103" /><testcase classname="tests.test_p1p2_features.TestScenariosAPI" name="test_scenarios_list_returns_200" time="0.112" /><testcase classname="tests.test_p1p2_features.TestScenariosAPI" name="test_scenarios_compare_requires_two_ids" time="0.145" /><testcase classname="tests.test_p1p2_features.TestScenariosAPI" name="test_scenarios_compare_with_valid_ids" time="0.226" /><testcase classname="tests.test_p1p2_features.TestScenariosAPI" name="test_scenario_delete" time="0.109" /><testcase classname="tests.test_p1p2_features.TestGanttAPI" name="test_gantt_data_with_valid_scenario" time="0.232" /><testcase classname="tests.test_p1p2_features.TestGanttAPI" name="test_gantt_data_invalid_scenario" time="0.123" /><testcase classname="tests.test_p1p2_features.TestProjectedStockAdvancedAPI" name="test_projected_stock_advanced_returns_200" time="0.112" /><testcase classname="tests.test_p1p2_features.TestProjectedStockAdvancedAPI" name="test_projected_stock_advanced_structure" time="0.138" /><testcase classname="tests.test_p1p2_features.TestNavigationIntegration" name="test_main_endpoints_accessible" time="0.730" /></testsuite></testsuites>