<?xml version="1.0" encoding="utf-8"?><testsuites name="pytest tests"><testsuite name="pytest" errors="0" failures="0" skipped="0" tests="9" time="1.356" timestamp="2026-03-14T16:27:00.389293+00:00" hostname="agent-env-01c32560-5d3d-48fe-bbd1-dac041d5fede"><testcase classname="backend.tests.test_iteration10_features.TestDataStatsAPI" name="test_data_stats_returns_all_counters" time="0.279" /><testcase classname="backend.tests.test_iteration10_features.TestCalendarsAPI" name="test_calendars_list" time="0.124" /><testcase classname="backend.tests.test_iteration10_features.TestCalendarsAPI" name="test_create_calendar_with_quarter_hours" time="0.213" /><testcase classname="backend.tests.test_iteration10_features.TestBusinessRulesAPI" name="test_rules_list" time="0.098" /><testcase classname="backend.tests.test_iteration10_features.TestOperationsEnrichiesAPI" name="test_operations_enrichies_list" time="0.141" /><testcase classname="backend.tests.test_iteration10_features.TestDiagnosticAPI" name="test_diagnostic_assignment" time="0.117" /><testcase classname="backend.tests.test_iteration10_features.TestProjectedStockAPI" name="test_projected_stock" time="0.093" /><testcase classname="backend.tests.test_iteration10_features.TestMachinesAndCentresAPI" name="test_machines_list" time="0.093" /><testcase classname="backend.tests.test_iteration10_features.TestMachinesAndCentresAPI" name="test_centres_de_charge_list" time="0.087" /></testsuite></testsuites>