<?xml version="1.0" encoding="utf-8"?><testsuites name="pytest tests"><testsuite name="pytest" errors="0" failures="0" skipped="0" tests="25" time="6.791" timestamp="2026-03-14T11:06:15.966204+00:00" hostname="agent-env-01c32560-5d3d-48fe-bbd1-dac041d5fede"><testcase classname="backend.tests.test_assignment_engine.TestResetAll" name="test_reset_all_endpoint_available" time="0.150" /><testcase classname="backend.tests.test_assignment_engine.TestDemoLoad" name="test_demo_load_endpoint_available" time="0.102" /><testcase classname="backend.tests.test_assignment_engine.TestDemoLoad" name="test_demo_data_counts" time="0.178" /><testcase classname="backend.tests.test_assignment_engine.TestDemoLoad" name="test_demo_data_french_terminology" time="0.080" /><testcase classname="backend.tests.test_assignment_engine.TestDemoLoad" name="test_demo_machines_linked_to_centres" time="0.073" /><testcase classname="backend.tests.test_assignment_engine.TestOperationsEnrichies" name="test_operations_enrichies_endpoint_available" time="0.331" /><testcase classname="backend.tests.test_assignment_engine.TestOperationsEnrichies" name="test_operations_enrichies_has_order_data" time="0.292" /><testcase classname="backend.tests.test_assignment_engine.TestOperationsEnrichies" name="test_operations_enrichies_of003_has_correct_data" time="0.287" /><testcase classname="backend.tests.test_assignment_engine.TestOperationsEnrichies" name="test_operations_enrichies_sorted_by_date_besoin" time="0.299" /><testcase classname="backend.tests.test_assignment_engine.TestDiagnosticAssignment" name="test_diagnostic_endpoint_available" time="0.272" /><testcase classname="backend.tests.test_assignment_engine.TestDiagnosticAssignment" name="test_diagnostic_summary_all_operations_assigned" time="0.289" /><testcase classname="backend.tests.test_assignment_engine.TestDiagnosticAssignment" name="test_diagnostic_has_enriched_fields" time="0.267" /><testcase classname="backend.tests.test_assignment_engine.TestDiagnosticAssignment" name="test_diagnostic_rules_loaded" time="0.264" /><testcase classname="backend.tests.test_assignment_engine.TestDiagnosticAssignment" name="test_diagnostic_machines_by_centre" time="0.308" /><testcase classname="backend.tests.test_assignment_engine.TestForbidRule" name="test_forbid_rule_exists_in_demo_data" time="0.328" /><testcase classname="backend.tests.test_assignment_engine.TestForbidRule" name="test_of003_10_not_assigned_to_plieuse_01" time="0.305" /><testcase classname="backend.tests.test_assignment_engine.TestForbidRule" name="test_of003_10_diagnostic_shows_forbid_rule_applied" time="0.286" /><testcase classname="backend.tests.test_assignment_engine.TestPreferRule" name="test_prefer_rule_exists_for_usinage" time="0.351" /><testcase classname="backend.tests.test_assignment_engine.TestPreferRule" name="test_usinage_operations_assigned_to_tour_cnc_01" time="0.339" /><testcase classname="backend.tests.test_assignment_engine.TestPreferRule" name="test_diagnostic_shows_preferred_count" time="0.341" /><testcase classname="backend.tests.test_assignment_engine.TestDateBesoinSorting" name="test_diagnostic_table_sorted_by_date_besoin" time="0.298" /><testcase classname="backend.tests.test_assignment_engine.TestDateBesoinSorting" name="test_of003_marked_as_late_with_high_urgency" time="0.277" /><testcase classname="backend.tests.test_assignment_engine.TestOrderIdJointure" name="test_all_operations_have_ordre_trouve" time="0.288" /><testcase classname="backend.tests.test_assignment_engine.TestOrderIdJointure" name="test_join_data_propagated_correctly" time="0.329" /><testcase classname="backend.tests.test_assignment_engine.TestEndToEndFlow" name="test_complete_flow" time="0.307" /></testsuite></testsuites>