<?xml version="1.0" encoding="utf-8"?><testsuites name="pytest tests"><testsuite name="pytest" errors="0" failures="1" skipped="0" tests="12" time="2.987" timestamp="2026-03-14T09:08:10.472922+00:00" hostname="agent-env-01c32560-5d3d-48fe-bbd1-dac041d5fede"><testcase classname="tests.test_rules_api.TestHealthCheck" name="test_api_is_accessible" time="0.130" /><testcase classname="tests.test_rules_api.TestHealthCheck" name="test_machines_endpoint" time="0.306" /><testcase classname="tests.test_rules_api.TestGetRules" name="test_get_rules_returns_list" time="0.089" /><testcase classname="tests.test_rules_api.TestGetRules" name="test_rules_have_correct_format" time="0.086" /><testcase classname="tests.test_rules_api.TestCreateRule" name="test_create_forbid_rule_with_task_id" time="0.346" /><testcase classname="tests.test_rules_api.TestCreateRule" name="test_create_prefer_rule_with_task_and_workcenter" time="0.329" /><testcase classname="tests.test_rules_api.TestCreateRule" name="test_create_allow_rule_with_workcenter_only" time="0.275" /><testcase classname="tests.test_rules_api.TestCreateRule" name="test_create_rule_with_article_id" time="0.250" /><testcase classname="tests.test_rules_api.TestCreateRule" name="test_create_inactive_rule" time="0.243" /><testcase classname="tests.test_rules_api.TestDeleteRule" name="test_delete_rule_success" time="0.344" /><testcase classname="tests.test_rules_api.TestDeleteRule" name="test_delete_nonexistent_rule" time="0.097" /><testcase classname="tests.test_rules_api.TestValidationRules" name="test_rule_type_normalization" time="0.304"><failure message="AssertionError: assert 'forbid' == 'FORBID'&#10;  &#10;  - FORBID&#10;  + forbid">tests/test_rules_api.py:314: in test_rule_type_normalization
    assert rule['rule_type'] == "FORBID"
E   AssertionError: assert 'forbid' == 'FORBID'
E     
E     - FORBID
E     + forbid</failure></testcase></testsuite></testsuites>