<?xml version="1.0" encoding="utf-8"?><testsuites name="pytest tests"><testsuite name="pytest" errors="0" failures="1" skipped="0" tests="12" time="72.730" timestamp="2026-03-17T21:51:26.384259+00:00" hostname="agent-env-01c32560-5d3d-48fe-bbd1-dac041d5fede"><testcase classname="backend.tests.test_5_corrections.TestOperationsLimit" name="test_operations_endpoint_returns_more_than_1000" time="0.503" /><testcase classname="backend.tests.test_5_corrections.TestOperationsLimit" name="test_manufacturing_orders_endpoint_returns_more_than_1000" time="0.147" /><testcase classname="backend.tests.test_5_corrections.TestOperationsLimit" name="test_operations_enrichies_returns_more_than_1000" time="0.366" /><testcase classname="backend.tests.test_5_corrections.TestDeleteAllScenarios" name="test_delete_all_scenarios_endpoint_exists" time="0.912" /><testcase classname="backend.tests.test_5_corrections.TestDeleteAllScenarios" name="test_delete_all_scenarios_response_format" time="0.347" /><testcase classname="backend.tests.test_5_corrections.TestBlockedOperationsContainArticleId" name="test_scheduling_blocked_operations_have_article_id" time="33.620" /><testcase classname="backend.tests.test_5_corrections.TestMaterialConstraintStrict" name="test_material_constraint_applied_in_first_iteration" time="33.692"><failure message="AssertionError: assert 'completed' in ['OPTIMAL', 'FEASIBLE', 'COMPLETED', 'NO_VALID_OPERATIONS', None]">backend/tests/test_5_corrections.py:199: in test_material_constraint_applied_in_first_iteration
    assert status in ['OPTIMAL', 'FEASIBLE', 'COMPLETED', 'NO_VALID_OPERATIONS', None]
E   AssertionError: assert 'completed' in ['OPTIMAL', 'FEASIBLE', 'COMPLETED', 'NO_VALID_OPERATIONS', None]</failure></testcase><testcase classname="backend.tests.test_5_corrections.TestAPIEndpointsStatus" name="test_operations_endpoint" time="0.373" /><testcase classname="backend.tests.test_5_corrections.TestAPIEndpointsStatus" name="test_manufacturing_orders_endpoint" time="0.123" /><testcase classname="backend.tests.test_5_corrections.TestAPIEndpointsStatus" name="test_scenarios_endpoint" time="0.937" /><testcase classname="backend.tests.test_5_corrections.TestAPIEndpointsStatus" name="test_centres_de_charge_endpoint" time="0.081" /><testcase classname="backend.tests.test_5_corrections.TestAPIEndpointsStatus" name="test_machines_endpoint" time="1.444" /></testsuite></testsuites>