<?xml version="1.0" encoding="utf-8"?><testsuites name="pytest tests"><testsuite name="pytest" errors="0" failures="0" skipped="0" tests="22" time="3.380" timestamp="2026-03-14T14:41:23.399935+00:00" hostname="agent-env-01c32560-5d3d-48fe-bbd1-dac041d5fede"><testcase classname="backend.tests.test_scheduling_aps_options.TestSchedulingAPIEndpoint" name="test_scheduling_accepts_priority_mode_due_date" time="0.173" /><testcase classname="backend.tests.test_scheduling_aps_options.TestSchedulingAPIEndpoint" name="test_scheduling_accepts_priority_mode_material_availability" time="0.122" /><testcase classname="backend.tests.test_scheduling_aps_options.TestSchedulingAPIEndpoint" name="test_scheduling_accepts_priority_mode_balanced" time="0.103" /><testcase classname="backend.tests.test_scheduling_aps_options.TestSchedulingWeightSliders" name="test_scheduling_accepts_due_date_weight" time="0.109" /><testcase classname="backend.tests.test_scheduling_aps_options.TestSchedulingWeightSliders" name="test_scheduling_accepts_material_weight" time="0.139" /><testcase classname="backend.tests.test_scheduling_aps_options.TestSchedulingWeightSliders" name="test_scheduling_accepts_setup_time_weight" time="0.137" /><testcase classname="backend.tests.test_scheduling_aps_options.TestSchedulingWeightSliders" name="test_scheduling_accepts_all_weights_together" time="0.125" /><testcase classname="backend.tests.test_scheduling_aps_options.TestSchedulingSolverParameters" name="test_scheduling_accepts_max_solver_time_30s" time="0.109" /><testcase classname="backend.tests.test_scheduling_aps_options.TestSchedulingSolverParameters" name="test_scheduling_accepts_max_solver_time_60s" time="0.125" /><testcase classname="backend.tests.test_scheduling_aps_options.TestSchedulingSolverParameters" name="test_scheduling_accepts_max_solver_time_120s" time="0.124" /><testcase classname="backend.tests.test_scheduling_aps_options.TestSchedulingSolverParameters" name="test_scheduling_accepts_max_solver_time_300s" time="0.115" /><testcase classname="backend.tests.test_scheduling_aps_options.TestSchedulingSolverParameters" name="test_scheduling_accepts_max_solver_time_600s" time="0.137" /><testcase classname="backend.tests.test_scheduling_aps_options.TestSchedulingSolverParameters" name="test_scheduling_accepts_optimization_gap" time="0.117" /><testcase classname="backend.tests.test_scheduling_aps_options.TestSchedulingSolverParameters" name="test_scheduling_accepts_optimization_gap_range" time="0.598" /><testcase classname="backend.tests.test_scheduling_aps_options.TestSchedulingAdvancedOptions" name="test_scheduling_accepts_ignore_rules" time="0.125" /><testcase classname="backend.tests.test_scheduling_aps_options.TestSchedulingAdvancedOptions" name="test_scheduling_accepts_ignore_material" time="0.120" /><testcase classname="backend.tests.test_scheduling_aps_options.TestSchedulingAdvancedOptions" name="test_scheduling_accepts_ignore_calendars" time="0.101" /><testcase classname="backend.tests.test_scheduling_aps_options.TestSchedulingAdvancedOptions" name="test_scheduling_accepts_respect_sequence" time="0.238" /><testcase classname="backend.tests.test_scheduling_aps_options.TestSchedulingFullConfiguration" name="test_scheduling_full_configuration" time="0.111" /><testcase classname="backend.tests.test_scheduling_aps_options.TestSchedulingFullConfiguration" name="test_scheduling_result_contains_diagnostics" time="0.099" /><testcase classname="backend.tests.test_scheduling_aps_options.TestDataStatsEndpoint" name="test_data_stats_returns_200" time="0.104" /><testcase classname="backend.tests.test_scheduling_aps_options.TestDataStatsEndpoint" name="test_data_stats_returns_required_fields" time="0.095" /></testsuite></testsuites>