<?xml version="1.0" encoding="utf-8"?><testsuites name="pytest tests"><testsuite name="pytest" errors="0" failures="0" skipped="0" tests="20" time="3.020" timestamp="2026-03-16T17:12:26.697801+00:00" hostname="agent-env-01c32560-5d3d-48fe-bbd1-dac041d5fede"><testcase classname="backend.tests.test_jit_producer_advancement.TestFluxTireOptimal" name="test_zero_delay_between_producer_and_consumer" time="0.226" /><testcase classname="backend.tests.test_jit_producer_advancement.TestJITWithTightDeadline" name="test_producer_advanced_for_tight_deadline" time="0.282" /><testcase classname="backend.tests.test_jit_producer_advancement.TestJITWithComfortableDeadline" name="test_jit_schedules_as_late_as_possible" time="0.400" /><testcase classname="backend.tests.test_jit_producer_advancement.TestProducerDerivedDeadlines" name="test_derived_deadlines_in_jit_mode" time="0.278" /><testcase classname="backend.tests.test_jit_producer_advancement.TestMaterialConstraintsSimplified" name="test_only_iteration_constraints_used" time="0.205" /><testcase classname="backend.tests.test_jit_producer_advancement.TestIntegration" name="test_api_health" time="0.101" /><testcase classname="backend.tests.test_jit_producer_advancement.TestIntegration" name="test_manufacturing_orders_exist" time="0.093" /><testcase classname="backend.tests.test_jit_producer_advancement.TestIntegration" name="test_operations_exist" time="0.094" /><testcase classname="backend.tests.test_jit_producer_advancement.TestIntegration" name="test_material_dependencies_exist" time="0.094" /><testcase classname="backend.tests.test_material_constraint_bugfix.TestMaterialConstraintBugFix" name="test_scheduling_api_returns_200" time="0.134" /><testcase classname="backend.tests.test_material_constraint_bugfix.TestMaterialConstraintBugFix" name="test_no_infinite_replanning_loop" time="0.118" /><testcase classname="backend.tests.test_material_constraint_bugfix.TestMaterialConstraintBugFix" name="test_transfer_time_respected_between_producer_consumer" time="0.112" /><testcase classname="backend.tests.test_material_constraint_bugfix.TestMaterialConstraintBugFix" name="test_jit_mode_material_constraints" time="0.097" /><testcase classname="backend.tests.test_material_constraint_bugfix.TestMaterialConstraintBugFix" name="test_scenario_data_contains_productions" time="0.118" /><testcase classname="backend.tests.test_material_constraint_bugfix.TestSchedulingAPI" name="test_get_scenarios" time="0.095" /><testcase classname="backend.tests.test_material_constraint_bugfix.TestSchedulingAPI" name="test_get_operations" time="0.085" /><testcase classname="backend.tests.test_material_constraint_bugfix.TestSchedulingAPI" name="test_get_manufacturing_orders" time="0.092" /><testcase classname="backend.tests.test_material_constraint_bugfix.TestSchedulingAPI" name="test_get_operation_materials" time="0.081" /><testcase classname="backend.tests.test_material_constraint_bugfix.TestSchedulingAPI" name="test_get_stocks" time="0.080" /><testcase classname="backend.tests.test_material_constraint_bugfix.TestGanttDisplay" name="test_gantt_data_endpoint" time="0.170" /></testsuite></testsuites>