<?xml version="1.0" encoding="utf-8"?><testsuites name="pytest tests"><testsuite name="pytest" errors="0" failures="0" skipped="0" tests="17" time="4.438" timestamp="2026-03-14T17:37:22.600395+00:00" hostname="agent-env-01c32560-5d3d-48fe-bbd1-dac041d5fede"><testcase classname="backend.tests.test_crud_edit_endpoints.TestMachinesEdit" name="test_get_machines_list" time="0.261" /><testcase classname="backend.tests.test_crud_edit_endpoints.TestMachinesEdit" name="test_create_machine_for_edit" time="0.333" /><testcase classname="backend.tests.test_crud_edit_endpoints.TestMachinesEdit" name="test_edit_machine_put" time="0.413" /><testcase classname="backend.tests.test_crud_edit_endpoints.TestMachinesEdit" name="test_edit_nonexistent_machine" time="0.099" /><testcase classname="backend.tests.test_crud_edit_endpoints.TestMachinesEdit" name="test_edit_machine_empty_payload" time="0.233" /><testcase classname="backend.tests.test_crud_edit_endpoints.TestCentresDeChargeEdit" name="test_get_centres_list" time="0.096" /><testcase classname="backend.tests.test_crud_edit_endpoints.TestCentresDeChargeEdit" name="test_create_centre_for_edit" time="0.103" /><testcase classname="backend.tests.test_crud_edit_endpoints.TestCentresDeChargeEdit" name="test_edit_centre_put" time="0.457" /><testcase classname="backend.tests.test_crud_edit_endpoints.TestCentresDeChargeEdit" name="test_edit_centre_calendar_assignment" time="0.298" /><testcase classname="backend.tests.test_crud_edit_endpoints.TestCentresDeChargeEdit" name="test_edit_nonexistent_centre" time="0.108" /><testcase classname="backend.tests.test_crud_edit_endpoints.TestUnavailabilityEdit" name="test_get_unavailability_list" time="0.127" /><testcase classname="backend.tests.test_crud_edit_endpoints.TestUnavailabilityEdit" name="test_create_unavailability_for_edit" time="0.487" /><testcase classname="backend.tests.test_crud_edit_endpoints.TestUnavailabilityEdit" name="test_edit_unavailability_put" time="0.368" /><testcase classname="backend.tests.test_crud_edit_endpoints.TestUnavailabilityEdit" name="test_edit_unavailability_reason_only" time="0.373" /><testcase classname="backend.tests.test_crud_edit_endpoints.TestUnavailabilityEdit" name="test_edit_nonexistent_unavailability" time="0.105" /><testcase classname="backend.tests.test_crud_edit_endpoints.TestExistingDataEdit" name="test_edit_existing_machine" time="0.218" /><testcase classname="backend.tests.test_crud_edit_endpoints.TestExistingDataEdit" name="test_edit_existing_centre" time="0.201" /></testsuite></testsuites>