<?xml version="1.0" encoding="utf-8"?><testsuites name="pytest tests"><testsuite name="pytest" errors="0" failures="0" skipped="0" tests="14" time="28.639" timestamp="2026-03-17T20:06:06.978662+00:00" hostname="agent-env-01c32560-5d3d-48fe-bbd1-dac041d5fede"><testcase classname="backend.tests.test_advanced_options.TestAdvancedSchedulingOptions" name="test_health_scheduling_endpoint" time="2.356" /><testcase classname="backend.tests.test_advanced_options.TestAdvancedSchedulingOptions" name="test_api_stats_endpoint" time="0.863" /><testcase classname="backend.tests.test_advanced_options.TestAdvancedSchedulingOptions" name="test_ignore_priorities_option_sent" time="2.246" /><testcase classname="backend.tests.test_advanced_options.TestAdvancedSchedulingOptions" name="test_ignore_priorities_option_false" time="2.229" /><testcase classname="backend.tests.test_advanced_options.TestAdvancedSchedulingOptions" name="test_ignore_priority_propagation_option" time="2.165" /><testcase classname="backend.tests.test_advanced_options.TestAdvancedSchedulingOptions" name="test_priority_propagation_disabled_when_priorities_ignored" time="2.163" /><testcase classname="backend.tests.test_advanced_options.TestAdvancedSchedulingOptions" name="test_ignore_material_propagation_option" time="2.018" /><testcase classname="backend.tests.test_advanced_options.TestAdvancedSchedulingOptions" name="test_material_propagation_disabled_when_material_ignored" time="1.459" /><testcase classname="backend.tests.test_advanced_options.TestAdvancedSchedulingOptions" name="test_all_advanced_options_combined" time="0.932" /><testcase classname="backend.tests.test_advanced_options.TestAdvancedSchedulingOptions" name="test_default_options_are_false" time="2.129" /><testcase classname="backend.tests.test_advanced_options.TestAdvancedSchedulingOptions" name="test_scheduling_result_contains_active_options" time="2.163" /><testcase classname="backend.tests.test_advanced_options.TestAdvancedSchedulingOptions" name="test_scheduling_request_model_accepts_new_options" time="2.651" /><testcase classname="backend.tests.test_advanced_options.TestAdvancedSchedulingOptions" name="test_jit_mode_with_advanced_options" time="3.083" /><testcase classname="backend.tests.test_advanced_options.TestScenarioOptionsStorage" name="test_scenario_stores_options" time="2.100" /></testsuite></testsuites>