<?xml version="1.0" encoding="utf-8"?><testsuites name="pytest tests"><testsuite name="pytest" errors="0" failures="0" skipped="0" tests="17" time="3.391" timestamp="2026-03-14T14:05:53.210565+00:00" hostname="agent-env-01c32560-5d3d-48fe-bbd1-dac041d5fede"><testcase classname="backend.tests.test_features_iteration3.TestCalendars" name="test_get_calendars" time="0.257" /><testcase classname="backend.tests.test_features_iteration3.TestCalendars" name="test_create_calendar" time="0.295" /><testcase classname="backend.tests.test_features_iteration3.TestCentresDeChargeWithCalendar" name="test_get_centres_de_charge" time="0.083" /><testcase classname="backend.tests.test_features_iteration3.TestCentresDeChargeWithCalendar" name="test_put_centres_de_charge_calendar" time="0.380" /><testcase classname="backend.tests.test_features_iteration3.TestProjectedStock" name="test_get_projected_stock" time="0.095" /><testcase classname="backend.tests.test_features_iteration3.TestProjectedStock" name="test_projected_stock_has_timestamps" time="0.087" /><testcase classname="backend.tests.test_features_iteration3.TestArticlesWithAttributes" name="test_get_articles" time="0.095" /><testcase classname="backend.tests.test_features_iteration3.TestArticlesWithAttributes" name="test_diagnostic_shows_article_attributes" time="0.086" /><testcase classname="backend.tests.test_features_iteration3.TestBusinessRulesOnArticleId" name="test_get_rules_with_article_id" time="0.088" /><testcase classname="backend.tests.test_features_iteration3.TestBusinessRulesOnArticleId" name="test_create_forbid_rule_on_article_id" time="0.266" /><testcase classname="backend.tests.test_features_iteration3.TestBusinessRulesOnArticleId" name="test_diagnostic_forbid_rule_article_id" time="0.101" /><testcase classname="backend.tests.test_features_iteration3.TestBusinessRulesOnAttributes" name="test_get_rules_with_attributes" time="0.077" /><testcase classname="backend.tests.test_features_iteration3.TestBusinessRulesOnAttributes" name="test_create_forbid_rule_on_width_attribute" time="0.253" /><testcase classname="backend.tests.test_features_iteration3.TestBusinessRulesOnAttributes" name="test_create_forbid_rule_on_thickness_attribute" time="0.283" /><testcase classname="backend.tests.test_features_iteration3.TestBusinessRulesOnAttributes" name="test_create_forbid_rule_on_material_type" time="0.251" /><testcase classname="backend.tests.test_features_iteration3.TestSchedulingWithCalendarConstraints" name="test_scheduling_calculate" time="0.122" /><testcase classname="backend.tests.test_features_iteration3.TestEndToEndFlow" name="test_complete_flow" time="0.454" /></testsuite></testsuites>