<?xml version="1.0" encoding="utf-8"?><testsuites name="pytest tests"><testsuite name="pytest" errors="0" failures="0" skipped="0" tests="22" time="3.686" timestamp="2026-03-14T14:28:32.041973+00:00" hostname="agent-env-01c32560-5d3d-48fe-bbd1-dac041d5fede"><testcase classname="backend.tests.test_aps_features.TestBusinessRulesEdit" name="test_put_rule_updates_name" time="0.548" /><testcase classname="backend.tests.test_aps_features.TestBusinessRulesEdit" name="test_put_rule_updates_rule_type" time="0.299" /><testcase classname="backend.tests.test_aps_features.TestBusinessRulesEdit" name="test_put_rule_updates_machine_id" time="0.382" /><testcase classname="backend.tests.test_aps_features.TestBusinessRulesEdit" name="test_put_rule_not_found" time="0.078" /><testcase classname="backend.tests.test_aps_features.TestBusinessRulesEdit" name="test_put_rule_empty_update" time="0.183" /><testcase classname="backend.tests.test_aps_features.TestAPSKPIs" name="test_get_kpis_returns_otd" time="0.091" /><testcase classname="backend.tests.test_aps_features.TestAPSKPIs" name="test_get_kpis_returns_late_orders" time="0.079" /><testcase classname="backend.tests.test_aps_features.TestAPSKPIs" name="test_get_kpis_returns_utilization" time="0.087" /><testcase classname="backend.tests.test_aps_features.TestAPSKPIs" name="test_get_kpis_returns_wip" time="0.101" /><testcase classname="backend.tests.test_aps_features.TestAPSKPIs" name="test_get_kpis_returns_timestamp" time="0.084" /><testcase classname="backend.tests.test_aps_features.TestAPSCapacity" name="test_get_capacity_returns_slots" time="0.102" /><testcase classname="backend.tests.test_aps_features.TestAPSCapacity" name="test_get_capacity_slot_structure" time="0.092" /><testcase classname="backend.tests.test_aps_features.TestAPSCapacity" name="test_get_capacity_summary_by_machine" time="0.084" /><testcase classname="backend.tests.test_aps_features.TestAPSCapacity" name="test_get_capacity_horizon_parameter" time="0.191" /><testcase classname="backend.tests.test_aps_features.TestAPSBOM" name="test_get_bom_returns_list" time="0.079" /><testcase classname="backend.tests.test_aps_features.TestAPSBOM" name="test_bom_line_structure" time="0.084" /><testcase classname="backend.tests.test_aps_features.TestAPSBOM" name="test_import_bom_csv" time="0.091" /><testcase classname="backend.tests.test_aps_features.TestAPSBOM" name="test_bom_explode" time="0.197" /><testcase classname="backend.tests.test_aps_features.TestAPSBOM" name="test_delete_all_bom" time="0.162" /><testcase classname="backend.tests.test_aps_features.TestAPSMRP" name="test_get_mrp_returns_results" time="0.111" /><testcase classname="backend.tests.test_aps_features.TestAPSMRP" name="test_get_mrp_summary_structure" time="0.086" /><testcase classname="backend.tests.test_aps_features.TestIntegration" name="test_full_aps_workflow" time="0.346" /></testsuite></testsuites>