<?xml version="1.0" encoding="utf-8"?><testsuites name="pytest tests"><testsuite name="pytest" errors="0" failures="0" skipped="0" tests="11" time="5.448" timestamp="2026-03-17T21:17:08.436182+00:00" hostname="agent-env-01c32560-5d3d-48fe-bbd1-dac041d5fede"><testcase classname="backend.tests.test_iteration19_features.TestScenariosAPI" name="test_scenarios_endpoint_returns_200" time="1.311" /><testcase classname="backend.tests.test_iteration19_features.TestScenariosAPI" name="test_scenarios_have_required_fields" time="1.174" /><testcase classname="backend.tests.test_iteration19_features.TestSchedulingStats" name="test_scheduling_stats_present_in_result" time="0.121" /><testcase classname="backend.tests.test_iteration19_features.TestSchedulingStats" name="test_scheduling_stats_values_are_valid" time="0.136" /><testcase classname="backend.tests.test_iteration19_features.TestActiveOptions" name="test_active_options_present_in_result" time="0.142" /><testcase classname="backend.tests.test_iteration19_features.TestMaterialsInOperations" name="test_materials_field_present_in_operations" time="0.151" /><testcase classname="backend.tests.test_iteration19_features.TestMaterialsInOperations" name="test_materials_contain_required_fields" time="0.123" /><testcase classname="backend.tests.test_iteration19_features.TestSchedulingCalculation" name="test_calculate_scheduling_no_timeout" time="0.375" /><testcase classname="backend.tests.test_iteration19_features.TestAutoCreateCentresDeCharge" name="test_centres_de_charge_created_on_import" time="0.086" /><testcase classname="backend.tests.test_iteration19_features.TestUnscheduledOperationsSection" name="test_unscheduled_operations_have_reason" time="0.110" /><testcase classname="backend.tests.test_iteration19_features.TestBlockedReasonsSummary" name="test_blocked_reasons_summary_present" time="1.651" /></testsuite></testsuites>