<?xml version="1.0" encoding="utf-8"?><testsuites name="pytest tests"><testsuite name="pytest" errors="0" failures="0" skipped="0" tests="8" time="1.604" timestamp="2026-03-16T12:27:33.545916+00:00" hostname="agent-env-01c32560-5d3d-48fe-bbd1-dac041d5fede"><testcase classname="backend.tests.test_scheduling_strategies.TestSchedulingStrategies" name="test_asap_strategy_creates_optimal_scenario" time="0.245" /><testcase classname="backend.tests.test_scheduling_strategies.TestSchedulingStrategies" name="test_jit_strategy_is_accepted" time="0.210" /><testcase classname="backend.tests.test_scheduling_strategies.TestSchedulingStrategies" name="test_default_strategy_is_asap" time="0.203" /><testcase classname="backend.tests.test_scheduling_strategies.TestSchedulingStrategies" name="test_scenario_stores_strategy_in_schedule_data" time="0.284" /><testcase classname="backend.tests.test_scheduling_strategies.TestSchedulingStrategies" name="test_diagnostic_page_data_includes_strategy" time="0.110" /><testcase classname="backend.tests.test_scheduling_strategies.TestSchedulingOptions" name="test_scheduling_options_accepted" time="0.227" /><testcase classname="backend.tests.test_scheduling_strategies.TestSchedulingOptions" name="test_invalid_strategy_handled_gracefully" time="0.202" /><testcase classname="backend.tests.test_scheduling_strategies.TestGanttTooltip" name="test_gantt_data_structure" time="0.076" /></testsuite></testsuites>